Arguments: 
  C:\Program Files\nodejs\node.exe C:\Program Files\nodejs\node_modules\yarn\bin\yarn.js

PATH: 
  C:\Windows\system32;C:\Windows;C:\Windows\System32\Wbem;C:\Windows\System32\WindowsPowerShell\v1.0\;C:\Windows\System32\OpenSSH\;C:\Users\Ivan\AppData\Roaming\nvm;C:\Program Files\nodejs;C:\Program Files\Git\cmd;C:\Program Files\dotnet\;C:\Users\Ivan\AppData\Local\Microsoft\WindowsApps;C:\Users\Ivan\AppData\Roaming\nvm;C:\Program Files\nodejs;C:\Users\Ivan\AppData\Local\Programs\Microsoft VS Code\bin;C:\Users\Ivan\AppData\Local\Yarn\bin;C:\Program Files\Git\usr\bin;C:\Program Files (x86)\BrowserStackLocal\

Yarn version: 
  1.22.10

Node version: 
  15.14.0

Platform: 
  win32 x64

Trace: 
  SyntaxError: C:\Users\Ivan\Desktop\npm package\utils-creator\src\hooks\package.json: Unexpected token } in JSON at position 1357
      at JSON.parse (<anonymous>)
      at C:\Users\Ivan\AppData\Roaming\nvm\v15.14.0\node_modules\yarn\lib\cli.js:1625:59
      at Generator.next (<anonymous>)
      at step (C:\Users\Ivan\AppData\Roaming\nvm\v15.14.0\node_modules\yarn\lib\cli.js:310:30)
      at C:\Users\Ivan\AppData\Roaming\nvm\v15.14.0\node_modules\yarn\lib\cli.js:321:13

npm manifest: 
  {
    "name": "utils-creator",
    "version": "1.0.0",
    "description": "",
    "main": "index.js",
    "scripts": {
      "dev": "next dev",
      "build": "next build",
      "start": "next start",
      "server": "json-server --watch db.json --port 4000 --delay 3000",
      "build:utils": "babel src/utils/src -d src/utils/dist",
      "terser": "terser src/utils/index.js"
    },
    "author": "",
    "license": "ISC",
    "dependencies": {
      "@ivbrajkovic/react-hooks": "^1.0.3",
      "@ivbrajkovic/utils": "^1.0.41",
      "@types/react": "^16.9.56",
      "eslint": "^7.14.0",
      "json-server": "^0.16.2",
      "next": "^10.0.0",
      "react": "^17.0.1",
      "react-dom": "^17.0.1",
      "terser": "^5.1.0",
      "typescript": "^4.1.2",
      "utils": "file:./src/utils",
      "hooks": "file:./src/hooks"
    },
    "devDependencies": {
      "@typescript-eslint/eslint-plugin": "^4.6.0",
      "@typescript-eslint/parser": "^4.6.0",
      "eslint-config-airbnb-typescript": "^12.0.0",
      "eslint-config-prettier": "^6.15.0",
      "eslint-plugin-import": "^2.22.1",
      "eslint-plugin-jsx-a11y": "^6.4.1",
      "eslint-plugin-react": "^7.21.5",
      "eslint-plugin-react-hooks": "^4.2.0"
    }
  }

yarn manifest: 
  No manifest

Lockfile: 
  No lockfile
